[2018-12-13 14:43:10.429] [ERROR] [default] - 请求没有响应
[2018-12-13 14:43:11.087] [ERROR] [default] - 请求没有响应
[2018-12-13 14:43:11.457] [ERROR] [default] - 请求没有响应
[2018-12-13 14:43:11.611] [ERROR] [default] - 请求没有响应
[2018-12-13 14:43:11.779] [ERROR] [default] - 请求没有响应
[2018-12-13 14:43:17.503] [ERROR] [default] - 请求没有响应
[2018-12-13 14:43:47.039] [ERROR] [default] - 请求没有响应
[2018-12-17 15:33:39.024] [ERROR] [default] - { Error: Internal Server Error
    at Request.callback (G:\GitHub\Blockchain\node_modules\superagent\lib\node\index.js:698:17)
    at IncomingMessage.<anonymous> (G:\GitHub\Blockchain\node_modules\superagent\lib\node\index.js:922:12)
    at emitNone (events.js:111:20)
    at IncomingMessage.emit (events.js:208:7)
    at endReadableNT (_stream_readable.js:1064:12)
    at _combinedTickCallback (internal/process/next_tick.js:138:11)
    at process._tickCallback (internal/process/next_tick.js:180:9)
  original: null,
  response: 
   Response {
     domain: null,
     _events: {},
     _eventsCount: 0,
     _maxListeners: undefined,
     res: 
      IncomingMessage {
        _readableState: [Object],
        readable: false,
        domain: null,
        _events: [Object],
        _eventsCount: 4,
        _maxListeners: undefined,
        socket: [Object],
        connection: [Object],
        httpVersionMajor: 1,
        httpVersionMinor: 1,
        httpVersion: '1.1',
        complete: true,
        headers: [Object],
        rawHeaders: [Array],
        trailers: {},
        rawTrailers: [],
        upgrade: false,
        url: '',
        method: null,
        statusCode: 500,
        statusMessage: '',
        client: [Object],
        _consuming: true,
        _dumped: false,
        req: [Object],
        text: '{"timestamp":"2018-12-17T07:33:39.183+0000","status":500,"error":"Internal Server Error","message":"Optional long parameter \'id\' is present but cannot be translated into a null value due to being declared as a primitive type. Consider declaring it as object wrapper for the corresponding primitive type.","path":"/contract/delete"}',
        read: [Function],
        body: [Object] },
     request: 
      Request {
        domain: null,
        _events: [Object],
        _eventsCount: 1,
        _maxListeners: undefined,
        _agent: false,
        _formData: null,
        method: 'POST',
        url: 'http://39.96.22.77:80/contract/delete',
        _header: [Object],
        header: [Object],
        writable: true,
        _redirects: 0,
        _maxRedirects: 5,
        cookies: '',
        qs: {},
        qsRaw: [],
        _redirectList: [],
        _streamRequest: false,
        _data: [Object],
        req: [Object],
        protocol: 'http:',
        host: '39.96.22.77:80',
        _callback: [Function],
        res: [Object],
        response: [Circular],
        _timeout: 0,
        called: true },
     req: 
      ClientRequest {
        domain: null,
        _events: [Object],
        _eventsCount: 4,
        _maxListeners: undefined,
        output: [],
        outputEncodings: [],
        outputCallbacks: [],
        outputSize: 0,
        writable: true,
        _last: true,
        upgrading: false,
        chunkedEncoding: false,
        shouldKeepAlive: false,
        useChunkedEncodingByDefault: true,
        sendDate: false,
        _removedConnection: false,
        _removedContLen: false,
        _removedTE: false,
        _contentLength: 10,
        _hasBody: true,
        _trailer: '',
        finished: true,
        _headerSent: true,
        socket: [Object],
        connection: [Object],
        _header: 'POST /contract/delete HTTP/1.1\r\nHost: 39.96.22.77\r\nAccept-Encoding: gzip, deflate\r\nUser-Agent: node-superagent/1.8.5\r\nContent-Type: application/json\r\nContent-Length: 10\r\nConnection: close\r\n\r\n',
        _onPendingData: [Function: noopPendingOutput],
        agent: [Object],
        socketPath: undefined,
        timeout: undefined,
        method: 'POST',
        path: '/contract/delete',
        _ended: true,
        res: [Object],
        aborted: undefined,
        timeoutCb: null,
        upgradeOrConnect: false,
        parser: null,
        maxHeadersCount: null,
        [Symbol(outHeadersKey)]: [Object] },
     links: {},
     text: '{"timestamp":"2018-12-17T07:33:39.183+0000","status":500,"error":"Internal Server Error","message":"Optional long parameter \'id\' is present but cannot be translated into a null value due to being declared as a primitive type. Consider declaring it as object wrapper for the corresponding primitive type.","path":"/contract/delete"}',
     body: 
      { timestamp: '2018-12-17T07:33:39.183+0000',
        status: 500,
        error: 'Internal Server Error',
        message: 'Optional long parameter \'id\' is present but cannot be translated into a null value due to being declared as a primitive type. Consider declaring it as object wrapper for the corresponding primitive type.',
        path: '/contract/delete' },
     files: {},
     buffered: true,
     headers: 
      { 'content-type': 'application/json;charset=UTF-8',
        'transfer-encoding': 'chunked',
        date: 'Mon, 17 Dec 2018 07:33:39 GMT',
        connection: 'close' },
     header: 
      { 'content-type': 'application/json;charset=UTF-8',
        'transfer-encoding': 'chunked',
        date: 'Mon, 17 Dec 2018 07:33:39 GMT',
        connection: 'close' },
     statusCode: 500,
     status: 500,
     statusType: 5,
     info: false,
     ok: false,
     redirect: false,
     clientError: false,
     serverError: true,
     error: 
      { Error: cannot POST /contract/delete (500)
    at Response.toError (G:\GitHub\Blockchain\node_modules\superagent\lib\node\response.js:106:13)
    at Response.setStatusProperties (G:\GitHub\Blockchain\node_modules\superagent\lib\node\response.js:183:12)
    at new Response (G:\GitHub\Blockchain\node_modules\superagent\lib\node\response.js:42:8)
    at IncomingMessage.<anonymous> (G:\GitHub\Blockchain\node_modules\superagent\lib\node\index.js:918:22)
    at emitNone (events.js:111:20)
    at IncomingMessage.emit (events.js:208:7)
    at endReadableNT (_stream_readable.js:1064:12)
    at _combinedTickCallback (internal/process/next_tick.js:138:11)
    at process._tickCallback (internal/process/next_tick.js:180:9)
        status: 500,
        text: '{"timestamp":"2018-12-17T07:33:39.183+0000","status":500,"error":"Internal Server Error","message":"Optional long parameter \'id\' is present but cannot be translated into a null value due to being declared as a primitive type. Consider declaring it as object wrapper for the corresponding primitive type.","path":"/contract/delete"}',
        method: 'POST',
        path: '/contract/delete' },
     accepted: false,
     noContent: false,
     badRequest: false,
     unauthorized: false,
     notAcceptable: false,
     forbidden: false,
     notFound: false,
     charset: 'UTF-8',
     type: 'application/json',
     setEncoding: [Function: bound ],
     redirects: [] },
  status: 500 }
[2018-12-17 15:52:23.035] [ERROR] [default] - { Error: Bad Request
    at Request.callback (G:\GitHub\Blockchain\node_modules\superagent\lib\node\index.js:698:17)
    at IncomingMessage.<anonymous> (G:\GitHub\Blockchain\node_modules\superagent\lib\node\index.js:922:12)
    at emitNone (events.js:111:20)
    at IncomingMessage.emit (events.js:208:7)
    at endReadableNT (_stream_readable.js:1064:12)
    at _combinedTickCallback (internal/process/next_tick.js:138:11)
    at process._tickCallback (internal/process/next_tick.js:180:9)
  original: null,
  response: 
   Response {
     domain: null,
     _events: {},
     _eventsCount: 0,
     _maxListeners: undefined,
     res: 
      IncomingMessage {
        _readableState: [Object],
        readable: false,
        domain: null,
        _events: [Object],
        _eventsCount: 4,
        _maxListeners: undefined,
        socket: [Object],
        connection: [Object],
        httpVersionMajor: 1,
        httpVersionMinor: 1,
        httpVersion: '1.1',
        complete: true,
        headers: [Object],
        rawHeaders: [Array],
        trailers: {},
        rawTrailers: [],
        upgrade: false,
        url: '',
        method: null,
        statusCode: 400,
        statusMessage: '',
        client: [Object],
        _consuming: true,
        _dumped: false,
        req: [Object],
        text: '{"timestamp":"2018-12-17T07:52:23.130+0000","status":400,"error":"Bad Request","message":"Required String parameter \'id\' is not present","path":"/contract/delete"}',
        read: [Function],
        body: [Object] },
     request: 
      Request {
        domain: null,
        _events: [Object],
        _eventsCount: 1,
        _maxListeners: undefined,
        _agent: false,
        _formData: null,
        method: 'POST',
        url: 'http://39.96.22.77:80/contract/delete',
        _header: [Object],
        header: [Object],
        writable: true,
        _redirects: 0,
        _maxRedirects: 5,
        cookies: '',
        qs: {},
        qsRaw: [],
        _redirectList: [],
        _streamRequest: false,
        _data: [Object],
        req: [Object],
        protocol: 'http:',
        host: '39.96.22.77:80',
        _callback: [Function],
        res: [Object],
        response: [Circular],
        _timeout: 0,
        called: true },
     req: 
      ClientRequest {
        domain: null,
        _events: [Object],
        _eventsCount: 4,
        _maxListeners: undefined,
        output: [],
        outputEncodings: [],
        outputCallbacks: [],
        outputSize: 0,
        writable: true,
        _last: true,
        upgrading: false,
        chunkedEncoding: false,
        shouldKeepAlive: false,
        useChunkedEncodingByDefault: true,
        sendDate: false,
        _removedConnection: false,
        _removedContLen: false,
        _removedTE: false,
        _contentLength: 10,
        _hasBody: true,
        _trailer: '',
        finished: true,
        _headerSent: true,
        socket: [Object],
        connection: [Object],
        _header: 'POST /contract/delete HTTP/1.1\r\nHost: 39.96.22.77\r\nAccept-Encoding: gzip, deflate\r\nUser-Agent: node-superagent/1.8.5\r\nContent-Type: application/json\r\nContent-Length: 10\r\nConnection: close\r\n\r\n',
        _onPendingData: [Function: noopPendingOutput],
        agent: [Object],
        socketPath: undefined,
        timeout: undefined,
        method: 'POST',
        path: '/contract/delete',
        _ended: true,
        res: [Object],
        aborted: undefined,
        timeoutCb: null,
        upgradeOrConnect: false,
        parser: null,
        maxHeadersCount: null,
        [Symbol(outHeadersKey)]: [Object] },
     links: {},
     text: '{"timestamp":"2018-12-17T07:52:23.130+0000","status":400,"error":"Bad Request","message":"Required String parameter \'id\' is not present","path":"/contract/delete"}',
     body: 
      { timestamp: '2018-12-17T07:52:23.130+0000',
        status: 400,
        error: 'Bad Request',
        message: 'Required String parameter \'id\' is not present',
        path: '/contract/delete' },
     files: {},
     buffered: true,
     headers: 
      { 'content-type': 'application/json;charset=UTF-8',
        'transfer-encoding': 'chunked',
        date: 'Mon, 17 Dec 2018 07:52:23 GMT',
        connection: 'close' },
     header: 
      { 'content-type': 'application/json;charset=UTF-8',
        'transfer-encoding': 'chunked',
        date: 'Mon, 17 Dec 2018 07:52:23 GMT',
        connection: 'close' },
     statusCode: 400,
     status: 400,
     statusType: 4,
     info: false,
     ok: false,
     redirect: false,
     clientError: true,
     serverError: false,
     error: 
      { Error: cannot POST /contract/delete (400)
    at Response.toError (G:\GitHub\Blockchain\node_modules\superagent\lib\node\response.js:106:13)
    at Response.setStatusProperties (G:\GitHub\Blockchain\node_modules\superagent\lib\node\response.js:183:12)
    at new Response (G:\GitHub\Blockchain\node_modules\superagent\lib\node\response.js:42:8)
    at IncomingMessage.<anonymous> (G:\GitHub\Blockchain\node_modules\superagent\lib\node\index.js:918:22)
    at emitNone (events.js:111:20)
    at IncomingMessage.emit (events.js:208:7)
    at endReadableNT (_stream_readable.js:1064:12)
    at _combinedTickCallback (internal/process/next_tick.js:138:11)
    at process._tickCallback (internal/process/next_tick.js:180:9)
        status: 400,
        text: '{"timestamp":"2018-12-17T07:52:23.130+0000","status":400,"error":"Bad Request","message":"Required String parameter \'id\' is not present","path":"/contract/delete"}',
        method: 'POST',
        path: '/contract/delete' },
     accepted: false,
     noContent: false,
     badRequest: true,
     unauthorized: false,
     notAcceptable: false,
     forbidden: false,
     notFound: false,
     charset: 'UTF-8',
     type: 'application/json',
     setEncoding: [Function: bound ],
     redirects: [] },
  status: 400 }
[2018-12-17 15:56:33.781] [ERROR] [default] - { Error: Bad Request
    at Request.callback (G:\GitHub\Blockchain\node_modules\superagent\lib\node\index.js:698:17)
    at IncomingMessage.<anonymous> (G:\GitHub\Blockchain\node_modules\superagent\lib\node\index.js:922:12)
    at emitNone (events.js:111:20)
    at IncomingMessage.emit (events.js:208:7)
    at endReadableNT (_stream_readable.js:1064:12)
    at _combinedTickCallback (internal/process/next_tick.js:138:11)
    at process._tickCallback (internal/process/next_tick.js:180:9)
  original: null,
  response: 
   Response {
     domain: null,
     _events: {},
     _eventsCount: 0,
     _maxListeners: undefined,
     res: 
      IncomingMessage {
        _readableState: [Object],
        readable: false,
        domain: null,
        _events: [Object],
        _eventsCount: 4,
        _maxListeners: undefined,
        socket: [Object],
        connection: [Object],
        httpVersionMajor: 1,
        httpVersionMinor: 1,
        httpVersion: '1.1',
        complete: true,
        headers: [Object],
        rawHeaders: [Array],
        trailers: {},
        rawTrailers: [],
        upgrade: false,
        url: '',
        method: null,
        statusCode: 400,
        statusMessage: '',
        client: [Object],
        _consuming: true,
        _dumped: false,
        req: [Object],
        text: '{"timestamp":"2018-12-17T07:56:33.959+0000","status":400,"error":"Bad Request","message":"Required String parameter \'id\' is not present","path":"/contract/delete"}',
        read: [Function],
        body: [Object] },
     request: 
      Request {
        domain: null,
        _events: [Object],
        _eventsCount: 1,
        _maxListeners: undefined,
        _agent: false,
        _formData: null,
        method: 'POST',
        url: 'http://39.96.22.77:80/contract/delete',
        _header: [Object],
        header: [Object],
        writable: true,
        _redirects: 0,
        _maxRedirects: 5,
        cookies: '',
        qs: {},
        qsRaw: [],
        _redirectList: [],
        _streamRequest: false,
        _data: [Object],
        req: [Object],
        protocol: 'http:',
        host: '39.96.22.77:80',
        _callback: [Function],
        res: [Object],
        response: [Circular],
        _timeout: 0,
        called: true },
     req: 
      ClientRequest {
        domain: null,
        _events: [Object],
        _eventsCount: 4,
        _maxListeners: undefined,
        output: [],
        outputEncodings: [],
        outputCallbacks: [],
        outputSize: 0,
        writable: true,
        _last: true,
        upgrading: false,
        chunkedEncoding: false,
        shouldKeepAlive: false,
        useChunkedEncodingByDefault: true,
        sendDate: false,
        _removedConnection: false,
        _removedContLen: false,
        _removedTE: false,
        _contentLength: 10,
        _hasBody: true,
        _trailer: '',
        finished: true,
        _headerSent: true,
        socket: [Object],
        connection: [Object],
        _header: 'POST /contract/delete HTTP/1.1\r\nHost: 39.96.22.77\r\nAccept-Encoding: gzip, deflate\r\nUser-Agent: node-superagent/1.8.5\r\nContent-Type: application/json\r\nContent-Length: 10\r\nConnection: close\r\n\r\n',
        _onPendingData: [Function: noopPendingOutput],
        agent: [Object],
        socketPath: undefined,
        timeout: undefined,
        method: 'POST',
        path: '/contract/delete',
        _ended: true,
        res: [Object],
        aborted: undefined,
        timeoutCb: null,
        upgradeOrConnect: false,
        parser: null,
        maxHeadersCount: null,
        [Symbol(outHeadersKey)]: [Object] },
     links: {},
     text: '{"timestamp":"2018-12-17T07:56:33.959+0000","status":400,"error":"Bad Request","message":"Required String parameter \'id\' is not present","path":"/contract/delete"}',
     body: 
      { timestamp: '2018-12-17T07:56:33.959+0000',
        status: 400,
        error: 'Bad Request',
        message: 'Required String parameter \'id\' is not present',
        path: '/contract/delete' },
     files: {},
     buffered: true,
     headers: 
      { 'content-type': 'application/json;charset=UTF-8',
        'transfer-encoding': 'chunked',
        date: 'Mon, 17 Dec 2018 07:56:33 GMT',
        connection: 'close' },
     header: 
      { 'content-type': 'application/json;charset=UTF-8',
        'transfer-encoding': 'chunked',
        date: 'Mon, 17 Dec 2018 07:56:33 GMT',
        connection: 'close' },
     statusCode: 400,
     status: 400,
     statusType: 4,
     info: false,
     ok: false,
     redirect: false,
     clientError: true,
     serverError: false,
     error: 
      { Error: cannot POST /contract/delete (400)
    at Response.toError (G:\GitHub\Blockchain\node_modules\superagent\lib\node\response.js:106:13)
    at Response.setStatusProperties (G:\GitHub\Blockchain\node_modules\superagent\lib\node\response.js:183:12)
    at new Response (G:\GitHub\Blockchain\node_modules\superagent\lib\node\response.js:42:8)
    at IncomingMessage.<anonymous> (G:\GitHub\Blockchain\node_modules\superagent\lib\node\index.js:918:22)
    at emitNone (events.js:111:20)
    at IncomingMessage.emit (events.js:208:7)
    at endReadableNT (_stream_readable.js:1064:12)
    at _combinedTickCallback (internal/process/next_tick.js:138:11)
    at process._tickCallback (internal/process/next_tick.js:180:9)
        status: 400,
        text: '{"timestamp":"2018-12-17T07:56:33.959+0000","status":400,"error":"Bad Request","message":"Required String parameter \'id\' is not present","path":"/contract/delete"}',
        method: 'POST',
        path: '/contract/delete' },
     accepted: false,
     noContent: false,
     badRequest: true,
     unauthorized: false,
     notAcceptable: false,
     forbidden: false,
     notFound: false,
     charset: 'UTF-8',
     type: 'application/json',
     setEncoding: [Function: bound ],
     redirects: [] },
  status: 400 }
[2018-12-17 16:00:32.298] [ERROR] [default] - { Error: Bad Request
    at Request.callback (G:\GitHub\Blockchain\node_modules\superagent\lib\node\index.js:698:17)
    at IncomingMessage.<anonymous> (G:\GitHub\Blockchain\node_modules\superagent\lib\node\index.js:922:12)
    at emitNone (events.js:111:20)
    at IncomingMessage.emit (events.js:208:7)
    at endReadableNT (_stream_readable.js:1064:12)
    at _combinedTickCallback (internal/process/next_tick.js:138:11)
    at process._tickCallback (internal/process/next_tick.js:180:9)
  original: null,
  response: 
   Response {
     domain: null,
     _events: {},
     _eventsCount: 0,
     _maxListeners: undefined,
     res: 
      IncomingMessage {
        _readableState: [Object],
        readable: false,
        domain: null,
        _events: [Object],
        _eventsCount: 4,
        _maxListeners: undefined,
        socket: [Object],
        connection: [Object],
        httpVersionMajor: 1,
        httpVersionMinor: 1,
        httpVersion: '1.1',
        complete: true,
        headers: [Object],
        rawHeaders: [Array],
        trailers: {},
        rawTrailers: [],
        upgrade: false,
        url: '',
        method: null,
        statusCode: 400,
        statusMessage: '',
        client: [Object],
        _consuming: true,
        _dumped: false,
        req: [Object],
        text: '{"timestamp":"2018-12-17T08:00:32.465+0000","status":400,"error":"Bad Request","message":"Required String parameter \'id\' is not present","path":"/contract/delete"}',
        read: [Function],
        body: [Object] },
     request: 
      Request {
        domain: null,
        _events: [Object],
        _eventsCount: 1,
        _maxListeners: undefined,
        _agent: false,
        _formData: null,
        method: 'POST',
        url: 'http://39.96.22.77:80/contract/delete',
        _header: [Object],
        header: [Object],
        writable: true,
        _redirects: 0,
        _maxRedirects: 5,
        cookies: '',
        qs: {},
        qsRaw: [],
        _redirectList: [],
        _streamRequest: false,
        _data: {},
        req: [Object],
        protocol: 'http:',
        host: '39.96.22.77:80',
        _callback: [Function],
        res: [Object],
        response: [Circular],
        _timeout: 0,
        called: true },
     req: 
      ClientRequest {
        domain: null,
        _events: [Object],
        _eventsCount: 4,
        _maxListeners: undefined,
        output: [],
        outputEncodings: [],
        outputCallbacks: [],
        outputSize: 0,
        writable: true,
        _last: true,
        upgrading: false,
        chunkedEncoding: false,
        shouldKeepAlive: false,
        useChunkedEncodingByDefault: true,
        sendDate: false,
        _removedConnection: false,
        _removedContLen: false,
        _removedTE: false,
        _contentLength: 2,
        _hasBody: true,
        _trailer: '',
        finished: true,
        _headerSent: true,
        socket: [Object],
        connection: [Object],
        _header: 'POST /contract/delete HTTP/1.1\r\nHost: 39.96.22.77\r\nAccept-Encoding: gzip, deflate\r\nUser-Agent: node-superagent/1.8.5\r\nContent-Type: application/json\r\nAccept: application/json\r\nContent-Length: 2\r\nConnection: close\r\n\r\n',
        _onPendingData: [Function: noopPendingOutput],
        agent: [Object],
        socketPath: undefined,
        timeout: undefined,
        method: 'POST',
        path: '/contract/delete',
        _ended: true,
        res: [Object],
        aborted: undefined,
        timeoutCb: null,
        upgradeOrConnect: false,
        parser: null,
        maxHeadersCount: null,
        [Symbol(outHeadersKey)]: [Object] },
     links: {},
     text: '{"timestamp":"2018-12-17T08:00:32.465+0000","status":400,"error":"Bad Request","message":"Required String parameter \'id\' is not present","path":"/contract/delete"}',
     body: 
      { timestamp: '2018-12-17T08:00:32.465+0000',
        status: 400,
        error: 'Bad Request',
        message: 'Required String parameter \'id\' is not present',
        path: '/contract/delete' },
     files: {},
     buffered: true,
     headers: 
      { 'content-type': 'application/json;charset=UTF-8',
        'transfer-encoding': 'chunked',
        date: 'Mon, 17 Dec 2018 08:00:32 GMT',
        connection: 'close' },
     header: 
      { 'content-type': 'application/json;charset=UTF-8',
        'transfer-encoding': 'chunked',
        date: 'Mon, 17 Dec 2018 08:00:32 GMT',
        connection: 'close' },
     statusCode: 400,
     status: 400,
     statusType: 4,
     info: false,
     ok: false,
     redirect: false,
     clientError: true,
     serverError: false,
     error: 
      { Error: cannot POST /contract/delete (400)
    at Response.toError (G:\GitHub\Blockchain\node_modules\superagent\lib\node\response.js:106:13)
    at Response.setStatusProperties (G:\GitHub\Blockchain\node_modules\superagent\lib\node\response.js:183:12)
    at new Response (G:\GitHub\Blockchain\node_modules\superagent\lib\node\response.js:42:8)
    at IncomingMessage.<anonymous> (G:\GitHub\Blockchain\node_modules\superagent\lib\node\index.js:918:22)
    at emitNone (events.js:111:20)
    at IncomingMessage.emit (events.js:208:7)
    at endReadableNT (_stream_readable.js:1064:12)
    at _combinedTickCallback (internal/process/next_tick.js:138:11)
    at process._tickCallback (internal/process/next_tick.js:180:9)
        status: 400,
        text: '{"timestamp":"2018-12-17T08:00:32.465+0000","status":400,"error":"Bad Request","message":"Required String parameter \'id\' is not present","path":"/contract/delete"}',
        method: 'POST',
        path: '/contract/delete' },
     accepted: false,
     noContent: false,
     badRequest: true,
     unauthorized: false,
     notAcceptable: false,
     forbidden: false,
     notFound: false,
     charset: 'UTF-8',
     type: 'application/json',
     setEncoding: [Function: bound ],
     redirects: [] },
  status: 400 }
[2018-12-17 16:00:32.388] [ERROR] [default] - { Error: Bad Request
    at Request.callback (G:\GitHub\Blockchain\node_modules\superagent\lib\node\index.js:698:17)
    at IncomingMessage.<anonymous> (G:\GitHub\Blockchain\node_modules\superagent\lib\node\index.js:922:12)
    at emitNone (events.js:111:20)
    at IncomingMessage.emit (events.js:208:7)
    at endReadableNT (_stream_readable.js:1064:12)
    at _combinedTickCallback (internal/process/next_tick.js:138:11)
    at process._tickCallback (internal/process/next_tick.js:180:9)
  original: null,
  response: 
   Response {
     domain: null,
     _events: {},
     _eventsCount: 0,
     _maxListeners: undefined,
     res: 
      IncomingMessage {
        _readableState: [Object],
        readable: false,
        domain: null,
        _events: [Object],
        _eventsCount: 4,
        _maxListeners: undefined,
        socket: [Object],
        connection: [Object],
        httpVersionMajor: 1,
        httpVersionMinor: 1,
        httpVersion: '1.1',
        complete: true,
        headers: [Object],
        rawHeaders: [Array],
        trailers: {},
        rawTrailers: [],
        upgrade: false,
        url: '',
        method: null,
        statusCode: 400,
        statusMessage: '',
        client: [Object],
        _consuming: true,
        _dumped: false,
        req: [Object],
        text: '{"timestamp":"2018-12-17T08:00:32.476+0000","status":400,"error":"Bad Request","message":"Required String parameter \'id\' is not present","path":"/contract/delete"}',
        read: [Function],
        body: [Object] },
     request: 
      Request {
        domain: null,
        _events: [Object],
        _eventsCount: 1,
        _maxListeners: undefined,
        _agent: false,
        _formData: null,
        method: 'POST',
        url: 'http://39.96.22.77:80/contract/delete',
        _header: [Object],
        header: [Object],
        writable: true,
        _redirects: 0,
        _maxRedirects: 5,
        cookies: '',
        qs: {},
        qsRaw: [],
        _redirectList: [],
        _streamRequest: false,
        _data: {},
        req: [Object],
        protocol: 'http:',
        host: '39.96.22.77:80',
        _callback: [Function],
        res: [Object],
        response: [Circular],
        _timeout: 0,
        called: true },
     req: 
      ClientRequest {
        domain: null,
        _events: [Object],
        _eventsCount: 4,
        _maxListeners: undefined,
        output: [],
        outputEncodings: [],
        outputCallbacks: [],
        outputSize: 0,
        writable: true,
        _last: true,
        upgrading: false,
        chunkedEncoding: false,
        shouldKeepAlive: false,
        useChunkedEncodingByDefault: true,
        sendDate: false,
        _removedConnection: false,
        _removedContLen: false,
        _removedTE: false,
        _contentLength: 2,
        _hasBody: true,
        _trailer: '',
        finished: true,
        _headerSent: true,
        socket: [Object],
        connection: [Object],
        _header: 'POST /contract/delete HTTP/1.1\r\nHost: 39.96.22.77\r\nAccept-Encoding: gzip, deflate\r\nUser-Agent: node-superagent/1.8.5\r\nContent-Type: application/json\r\nAccept: application/json\r\nContent-Length: 2\r\nConnection: close\r\n\r\n',
        _onPendingData: [Function: noopPendingOutput],
        agent: [Object],
        socketPath: undefined,
        timeout: undefined,
        method: 'POST',
        path: '/contract/delete',
        _ended: true,
        res: [Object],
        aborted: undefined,
        timeoutCb: null,
        upgradeOrConnect: false,
        parser: null,
        maxHeadersCount: null,
        [Symbol(outHeadersKey)]: [Object] },
     links: {},
     text: '{"timestamp":"2018-12-17T08:00:32.476+0000","status":400,"error":"Bad Request","message":"Required String parameter \'id\' is not present","path":"/contract/delete"}',
     body: 
      { timestamp: '2018-12-17T08:00:32.476+0000',
        status: 400,
        error: 'Bad Request',
        message: 'Required String parameter \'id\' is not present',
        path: '/contract/delete' },
     files: {},
     buffered: true,
     headers: 
      { 'content-type': 'application/json;charset=UTF-8',
        'transfer-encoding': 'chunked',
        date: 'Mon, 17 Dec 2018 08:00:32 GMT',
        connection: 'close' },
     header: 
      { 'content-type': 'application/json;charset=UTF-8',
        'transfer-encoding': 'chunked',
        date: 'Mon, 17 Dec 2018 08:00:32 GMT',
        connection: 'close' },
     statusCode: 400,
     status: 400,
     statusType: 4,
     info: false,
     ok: false,
     redirect: false,
     clientError: true,
     serverError: false,
     error: 
      { Error: cannot POST /contract/delete (400)
    at Response.toError (G:\GitHub\Blockchain\node_modules\superagent\lib\node\response.js:106:13)
    at Response.setStatusProperties (G:\GitHub\Blockchain\node_modules\superagent\lib\node\response.js:183:12)
    at new Response (G:\GitHub\Blockchain\node_modules\superagent\lib\node\response.js:42:8)
    at IncomingMessage.<anonymous> (G:\GitHub\Blockchain\node_modules\superagent\lib\node\index.js:918:22)
    at emitNone (events.js:111:20)
    at IncomingMessage.emit (events.js:208:7)
    at endReadableNT (_stream_readable.js:1064:12)
    at _combinedTickCallback (internal/process/next_tick.js:138:11)
    at process._tickCallback (internal/process/next_tick.js:180:9)
        status: 400,
        text: '{"timestamp":"2018-12-17T08:00:32.476+0000","status":400,"error":"Bad Request","message":"Required String parameter \'id\' is not present","path":"/contract/delete"}',
        method: 'POST',
        path: '/contract/delete' },
     accepted: false,
     noContent: false,
     badRequest: true,
     unauthorized: false,
     notAcceptable: false,
     forbidden: false,
     notFound: false,
     charset: 'UTF-8',
     type: 'application/json',
     setEncoding: [Function: bound ],
     redirects: [] },
  status: 400 }
[2018-12-17 16:01:16.726] [ERROR] [default] - { Error: Bad Request
    at Request.callback (G:\GitHub\Blockchain\node_modules\superagent\lib\node\index.js:698:17)
    at IncomingMessage.<anonymous> (G:\GitHub\Blockchain\node_modules\superagent\lib\node\index.js:922:12)
    at emitNone (events.js:111:20)
    at IncomingMessage.emit (events.js:208:7)
    at endReadableNT (_stream_readable.js:1064:12)
    at _combinedTickCallback (internal/process/next_tick.js:138:11)
    at process._tickCallback (internal/process/next_tick.js:180:9)
  original: null,
  response: 
   Response {
     domain: null,
     _events: {},
     _eventsCount: 0,
     _maxListeners: undefined,
     res: 
      IncomingMessage {
        _readableState: [Object],
        readable: false,
        domain: null,
        _events: [Object],
        _eventsCount: 4,
        _maxListeners: undefined,
        socket: [Object],
        connection: [Object],
        httpVersionMajor: 1,
        httpVersionMinor: 1,
        httpVersion: '1.1',
        complete: true,
        headers: [Object],
        rawHeaders: [Array],
        trailers: {},
        rawTrailers: [],
        upgrade: false,
        url: '',
        method: null,
        statusCode: 400,
        statusMessage: '',
        client: [Object],
        _consuming: true,
        _dumped: false,
        req: [Object],
        text: '{"timestamp":"2018-12-17T08:01:16.902+0000","status":400,"error":"Bad Request","message":"Required String parameter \'id\' is not present","path":"/contract/delete"}',
        read: [Function],
        body: [Object] },
     request: 
      Request {
        domain: null,
        _events: [Object],
        _eventsCount: 1,
        _maxListeners: undefined,
        _agent: false,
        _formData: null,
        method: 'POST',
        url: 'http://39.96.22.77:80/contract/delete',
        _header: [Object],
        header: [Object],
        writable: true,
        _redirects: 0,
        _maxRedirects: 5,
        cookies: '',
        qs: {},
        qsRaw: [],
        _redirectList: [],
        _streamRequest: false,
        _data: [Object],
        req: [Object],
        protocol: 'http:',
        host: '39.96.22.77:80',
        _callback: [Function],
        res: [Object],
        response: [Circular],
        _timeout: 0,
        called: true },
     req: 
      ClientRequest {
        domain: null,
        _events: [Object],
        _eventsCount: 4,
        _maxListeners: undefined,
        output: [],
        outputEncodings: [],
        outputCallbacks: [],
        outputSize: 0,
        writable: true,
        _last: true,
        upgrading: false,
        chunkedEncoding: false,
        shouldKeepAlive: false,
        useChunkedEncodingByDefault: true,
        sendDate: false,
        _removedConnection: false,
        _removedContLen: false,
        _removedTE: false,
        _contentLength: 10,
        _hasBody: true,
        _trailer: '',
        finished: true,
        _headerSent: true,
        socket: [Object],
        connection: [Object],
        _header: 'POST /contract/delete HTTP/1.1\r\nHost: 39.96.22.77\r\nAccept-Encoding: gzip, deflate\r\nUser-Agent: node-superagent/1.8.5\r\nContent-Type: application/json\r\nAccept: application/json\r\nContent-Length: 10\r\nConnection: close\r\n\r\n',
        _onPendingData: [Function: noopPendingOutput],
        agent: [Object],
        socketPath: undefined,
        timeout: undefined,
        method: 'POST',
        path: '/contract/delete',
        _ended: true,
        res: [Object],
        aborted: undefined,
        timeoutCb: null,
        upgradeOrConnect: false,
        parser: null,
        maxHeadersCount: null,
        [Symbol(outHeadersKey)]: [Object] },
     links: {},
     text: '{"timestamp":"2018-12-17T08:01:16.902+0000","status":400,"error":"Bad Request","message":"Required String parameter \'id\' is not present","path":"/contract/delete"}',
     body: 
      { timestamp: '2018-12-17T08:01:16.902+0000',
        status: 400,
        error: 'Bad Request',
        message: 'Required String parameter \'id\' is not present',
        path: '/contract/delete' },
     files: {},
     buffered: true,
     headers: 
      { 'content-type': 'application/json;charset=UTF-8',
        'transfer-encoding': 'chunked',
        date: 'Mon, 17 Dec 2018 08:01:16 GMT',
        connection: 'close' },
     header: 
      { 'content-type': 'application/json;charset=UTF-8',
        'transfer-encoding': 'chunked',
        date: 'Mon, 17 Dec 2018 08:01:16 GMT',
        connection: 'close' },
     statusCode: 400,
     status: 400,
     statusType: 4,
     info: false,
     ok: false,
     redirect: false,
     clientError: true,
     serverError: false,
     error: 
      { Error: cannot POST /contract/delete (400)
    at Response.toError (G:\GitHub\Blockchain\node_modules\superagent\lib\node\response.js:106:13)
    at Response.setStatusProperties (G:\GitHub\Blockchain\node_modules\superagent\lib\node\response.js:183:12)
    at new Response (G:\GitHub\Blockchain\node_modules\superagent\lib\node\response.js:42:8)
    at IncomingMessage.<anonymous> (G:\GitHub\Blockchain\node_modules\superagent\lib\node\index.js:918:22)
    at emitNone (events.js:111:20)
    at IncomingMessage.emit (events.js:208:7)
    at endReadableNT (_stream_readable.js:1064:12)
    at _combinedTickCallback (internal/process/next_tick.js:138:11)
    at process._tickCallback (internal/process/next_tick.js:180:9)
        status: 400,
        text: '{"timestamp":"2018-12-17T08:01:16.902+0000","status":400,"error":"Bad Request","message":"Required String parameter \'id\' is not present","path":"/contract/delete"}',
        method: 'POST',
        path: '/contract/delete' },
     accepted: false,
     noContent: false,
     badRequest: true,
     unauthorized: false,
     notAcceptable: false,
     forbidden: false,
     notFound: false,
     charset: 'UTF-8',
     type: 'application/json',
     setEncoding: [Function: bound ],
     redirects: [] },
  status: 400 }
[2018-12-17 16:01:16.773] [ERROR] [default] - { Error: Bad Request
    at Request.callback (G:\GitHub\Blockchain\node_modules\superagent\lib\node\index.js:698:17)
    at IncomingMessage.<anonymous> (G:\GitHub\Blockchain\node_modules\superagent\lib\node\index.js:922:12)
    at emitNone (events.js:111:20)
    at IncomingMessage.emit (events.js:208:7)
    at endReadableNT (_stream_readable.js:1064:12)
    at _combinedTickCallback (internal/process/next_tick.js:138:11)
    at process._tickCallback (internal/process/next_tick.js:180:9)
  original: null,
  response: 
   Response {
     domain: null,
     _events: {},
     _eventsCount: 0,
     _maxListeners: undefined,
     res: 
      IncomingMessage {
        _readableState: [Object],
        readable: false,
        domain: null,
        _events: [Object],
        _eventsCount: 4,
        _maxListeners: undefined,
        socket: [Object],
        connection: [Object],
        httpVersionMajor: 1,
        httpVersionMinor: 1,
        httpVersion: '1.1',
        complete: true,
        headers: [Object],
        rawHeaders: [Array],
        trailers: {},
        rawTrailers: [],
        upgrade: false,
        url: '',
        method: null,
        statusCode: 400,
        statusMessage: '',
        client: [Object],
        _consuming: true,
        _dumped: false,
        req: [Object],
        text: '{"timestamp":"2018-12-17T08:01:16.914+0000","status":400,"error":"Bad Request","message":"Required String parameter \'id\' is not present","path":"/contract/delete"}',
        read: [Function],
        body: [Object] },
     request: 
      Request {
        domain: null,
        _events: [Object],
        _eventsCount: 1,
        _maxListeners: undefined,
        _agent: false,
        _formData: null,
        method: 'POST',
        url: 'http://39.96.22.77:80/contract/delete',
        _header: [Object],
        header: [Object],
        writable: true,
        _redirects: 0,
        _maxRedirects: 5,
        cookies: '',
        qs: {},
        qsRaw: [],
        _redirectList: [],
        _streamRequest: false,
        _data: [Object],
        req: [Object],
        protocol: 'http:',
        host: '39.96.22.77:80',
        _callback: [Function],
        res: [Object],
        response: [Circular],
        _timeout: 0,
        called: true },
     req: 
      ClientRequest {
        domain: null,
        _events: [Object],
        _eventsCount: 4,
        _maxListeners: undefined,
        output: [],
        outputEncodings: [],
        outputCallbacks: [],
        outputSize: 0,
        writable: true,
        _last: true,
        upgrading: false,
        chunkedEncoding: false,
        shouldKeepAlive: false,
        useChunkedEncodingByDefault: true,
        sendDate: false,
        _removedConnection: false,
        _removedContLen: false,
        _removedTE: false,
        _contentLength: 11,
        _hasBody: true,
        _trailer: '',
        finished: true,
        _headerSent: true,
        socket: [Object],
        connection: [Object],
        _header: 'POST /contract/delete HTTP/1.1\r\nHost: 39.96.22.77\r\nAccept-Encoding: gzip, deflate\r\nUser-Agent: node-superagent/1.8.5\r\nContent-Type: application/json\r\nAccept: application/json\r\nContent-Length: 11\r\nConnection: close\r\n\r\n',
        _onPendingData: [Function: noopPendingOutput],
        agent: [Object],
        socketPath: undefined,
        timeout: undefined,
        method: 'POST',
        path: '/contract/delete',
        _ended: true,
        res: [Object],
        aborted: undefined,
        timeoutCb: null,
        upgradeOrConnect: false,
        parser: null,
        maxHeadersCount: null,
        [Symbol(outHeadersKey)]: [Object] },
     links: {},
     text: '{"timestamp":"2018-12-17T08:01:16.914+0000","status":400,"error":"Bad Request","message":"Required String parameter \'id\' is not present","path":"/contract/delete"}',
     body: 
      { timestamp: '2018-12-17T08:01:16.914+0000',
        status: 400,
        error: 'Bad Request',
        message: 'Required String parameter \'id\' is not present',
        path: '/contract/delete' },
     files: {},
     buffered: true,
     headers: 
      { 'content-type': 'application/json;charset=UTF-8',
        'transfer-encoding': 'chunked',
        date: 'Mon, 17 Dec 2018 08:01:16 GMT',
        connection: 'close' },
     header: 
      { 'content-type': 'application/json;charset=UTF-8',
        'transfer-encoding': 'chunked',
        date: 'Mon, 17 Dec 2018 08:01:16 GMT',
        connection: 'close' },
     statusCode: 400,
     status: 400,
     statusType: 4,
     info: false,
     ok: false,
     redirect: false,
     clientError: true,
     serverError: false,
     error: 
      { Error: cannot POST /contract/delete (400)
    at Response.toError (G:\GitHub\Blockchain\node_modules\superagent\lib\node\response.js:106:13)
    at Response.setStatusProperties (G:\GitHub\Blockchain\node_modules\superagent\lib\node\response.js:183:12)
    at new Response (G:\GitHub\Blockchain\node_modules\superagent\lib\node\response.js:42:8)
    at IncomingMessage.<anonymous> (G:\GitHub\Blockchain\node_modules\superagent\lib\node\index.js:918:22)
    at emitNone (events.js:111:20)
    at IncomingMessage.emit (events.js:208:7)
    at endReadableNT (_stream_readable.js:1064:12)
    at _combinedTickCallback (internal/process/next_tick.js:138:11)
    at process._tickCallback (internal/process/next_tick.js:180:9)
        status: 400,
        text: '{"timestamp":"2018-12-17T08:01:16.914+0000","status":400,"error":"Bad Request","message":"Required String parameter \'id\' is not present","path":"/contract/delete"}',
        method: 'POST',
        path: '/contract/delete' },
     accepted: false,
     noContent: false,
     badRequest: true,
     unauthorized: false,
     notAcceptable: false,
     forbidden: false,
     notFound: false,
     charset: 'UTF-8',
     type: 'application/json',
     setEncoding: [Function: bound ],
     redirects: [] },
  status: 400 }
[2018-12-17 16:01:16.801] [ERROR] [default] - { Error: Bad Request
    at Request.callback (G:\GitHub\Blockchain\node_modules\superagent\lib\node\index.js:698:17)
    at IncomingMessage.<anonymous> (G:\GitHub\Blockchain\node_modules\superagent\lib\node\index.js:922:12)
    at emitNone (events.js:111:20)
    at IncomingMessage.emit (events.js:208:7)
    at endReadableNT (_stream_readable.js:1064:12)
    at _combinedTickCallback (internal/process/next_tick.js:138:11)
    at process._tickCallback (internal/process/next_tick.js:180:9)
  original: null,
  response: 
   Response {
     domain: null,
     _events: {},
     _eventsCount: 0,
     _maxListeners: undefined,
     res: 
      IncomingMessage {
        _readableState: [Object],
        readable: false,
        domain: null,
        _events: [Object],
        _eventsCount: 4,
        _maxListeners: undefined,
        socket: [Object],
        connection: [Object],
        httpVersionMajor: 1,
        httpVersionMinor: 1,
        httpVersion: '1.1',
        complete: true,
        headers: [Object],
        rawHeaders: [Array],
        trailers: {},
        rawTrailers: [],
        upgrade: false,
        url: '',
        method: null,
        statusCode: 400,
        statusMessage: '',
        client: [Object],
        _consuming: true,
        _dumped: false,
        req: [Object],
        text: '{"timestamp":"2018-12-17T08:01:16.917+0000","status":400,"error":"Bad Request","message":"Required String parameter \'id\' is not present","path":"/contract/delete"}',
        read: [Function],
        body: [Object] },
     request: 
      Request {
        domain: null,
        _events: [Object],
        _eventsCount: 1,
        _maxListeners: undefined,
        _agent: false,
        _formData: null,
        method: 'POST',
        url: 'http://39.96.22.77:80/contract/delete',
        _header: [Object],
        header: [Object],
        writable: true,
        _redirects: 0,
        _maxRedirects: 5,
        cookies: '',
        qs: {},
        qsRaw: [],
        _redirectList: [],
        _streamRequest: false,
        _data: [Object],
        req: [Object],
        protocol: 'http:',
        host: '39.96.22.77:80',
        _callback: [Function],
        res: [Object],
        response: [Circular],
        _timeout: 0,
        called: true },
     req: 
      ClientRequest {
        domain: null,
        _events: [Object],
        _eventsCount: 4,
        _maxListeners: undefined,
        output: [],
        outputEncodings: [],
        outputCallbacks: [],
        outputSize: 0,
        writable: true,
        _last: true,
        upgrading: false,
        chunkedEncoding: false,
        shouldKeepAlive: false,
        useChunkedEncodingByDefault: true,
        sendDate: false,
        _removedConnection: false,
        _removedContLen: false,
        _removedTE: false,
        _contentLength: 10,
        _hasBody: true,
        _trailer: '',
        finished: true,
        _headerSent: true,
        socket: [Object],
        connection: [Object],
        _header: 'POST /contract/delete HTTP/1.1\r\nHost: 39.96.22.77\r\nAccept-Encoding: gzip, deflate\r\nUser-Agent: node-superagent/1.8.5\r\nContent-Type: application/json\r\nAccept: application/json\r\nContent-Length: 10\r\nConnection: close\r\n\r\n',
        _onPendingData: [Function: noopPendingOutput],
        agent: [Object],
        socketPath: undefined,
        timeout: undefined,
        method: 'POST',
        path: '/contract/delete',
        _ended: true,
        res: [Object],
        aborted: undefined,
        timeoutCb: null,
        upgradeOrConnect: false,
        parser: null,
        maxHeadersCount: null,
        [Symbol(outHeadersKey)]: [Object] },
     links: {},
     text: '{"timestamp":"2018-12-17T08:01:16.917+0000","status":400,"error":"Bad Request","message":"Required String parameter \'id\' is not present","path":"/contract/delete"}',
     body: 
      { timestamp: '2018-12-17T08:01:16.917+0000',
        status: 400,
        error: 'Bad Request',
        message: 'Required String parameter \'id\' is not present',
        path: '/contract/delete' },
     files: {},
     buffered: true,
     headers: 
      { 'content-type': 'application/json;charset=UTF-8',
        'transfer-encoding': 'chunked',
        date: 'Mon, 17 Dec 2018 08:01:16 GMT',
        connection: 'close' },
     header: 
      { 'content-type': 'application/json;charset=UTF-8',
        'transfer-encoding': 'chunked',
        date: 'Mon, 17 Dec 2018 08:01:16 GMT',
        connection: 'close' },
     statusCode: 400,
     status: 400,
     statusType: 4,
     info: false,
     ok: false,
     redirect: false,
     clientError: true,
     serverError: false,
     error: 
      { Error: cannot POST /contract/delete (400)
    at Response.toError (G:\GitHub\Blockchain\node_modules\superagent\lib\node\response.js:106:13)
    at Response.setStatusProperties (G:\GitHub\Blockchain\node_modules\superagent\lib\node\response.js:183:12)
    at new Response (G:\GitHub\Blockchain\node_modules\superagent\lib\node\response.js:42:8)
    at IncomingMessage.<anonymous> (G:\GitHub\Blockchain\node_modules\superagent\lib\node\index.js:918:22)
    at emitNone (events.js:111:20)
    at IncomingMessage.emit (events.js:208:7)
    at endReadableNT (_stream_readable.js:1064:12)
    at _combinedTickCallback (internal/process/next_tick.js:138:11)
    at process._tickCallback (internal/process/next_tick.js:180:9)
        status: 400,
        text: '{"timestamp":"2018-12-17T08:01:16.917+0000","status":400,"error":"Bad Request","message":"Required String parameter \'id\' is not present","path":"/contract/delete"}',
        method: 'POST',
        path: '/contract/delete' },
     accepted: false,
     noContent: false,
     badRequest: true,
     unauthorized: false,
     notAcceptable: false,
     forbidden: false,
     notFound: false,
     charset: 'UTF-8',
     type: 'application/json',
     setEncoding: [Function: bound ],
     redirects: [] },
  status: 400 }
[2018-12-17 16:45:09.950] [ERROR] [default] - { Error: Internal Server Error
    at Request.callback (G:\GitHub\Blockchain\node_modules\superagent\lib\node\index.js:698:17)
    at IncomingMessage.<anonymous> (G:\GitHub\Blockchain\node_modules\superagent\lib\node\index.js:922:12)
    at emitNone (events.js:111:20)
    at IncomingMessage.emit (events.js:208:7)
    at endReadableNT (_stream_readable.js:1064:12)
    at _combinedTickCallback (internal/process/next_tick.js:138:11)
    at process._tickCallback (internal/process/next_tick.js:180:9)
  original: null,
  response: 
   Response {
     domain: null,
     _events: {},
     _eventsCount: 0,
     _maxListeners: undefined,
     res: 
      IncomingMessage {
        _readableState: [Object],
        readable: false,
        domain: null,
        _events: [Object],
        _eventsCount: 4,
        _maxListeners: undefined,
        socket: [Object],
        connection: [Object],
        httpVersionMajor: 1,
        httpVersionMinor: 1,
        httpVersion: '1.1',
        complete: true,
        headers: [Object],
        rawHeaders: [Array],
        trailers: {},
        rawTrailers: [],
        upgrade: false,
        url: '',
        method: null,
        statusCode: 500,
        statusMessage: '',
        client: [Object],
        _consuming: true,
        _dumped: false,
        req: [Object],
        text: '{"timestamp":"2018-12-17T08:45:10.157+0000","status":500,"error":"Internal Server Error","message":"No message available","path":"/contract/delete"}',
        read: [Function],
        body: [Object] },
     request: 
      Request {
        domain: null,
        _events: [Object],
        _eventsCount: 1,
        _maxListeners: undefined,
        _agent: false,
        _formData: null,
        method: 'POST',
        url: 'http://39.96.22.77:80/contract/delete',
        _header: [Object],
        header: [Object],
        writable: true,
        _redirects: 0,
        _maxRedirects: 5,
        cookies: '',
        qs: {},
        qsRaw: [],
        _redirectList: [],
        _streamRequest: false,
        _data: [Object],
        req: [Object],
        protocol: 'http:',
        host: '39.96.22.77:80',
        _callback: [Function],
        res: [Object],
        response: [Circular],
        _timeout: 0,
        called: true },
     req: 
      ClientRequest {
        domain: null,
        _events: [Object],
        _eventsCount: 4,
        _maxListeners: undefined,
        output: [],
        outputEncodings: [],
        outputCallbacks: [],
        outputSize: 0,
        writable: true,
        _last: true,
        upgrading: false,
        chunkedEncoding: false,
        shouldKeepAlive: false,
        useChunkedEncodingByDefault: true,
        sendDate: false,
        _removedConnection: false,
        _removedContLen: false,
        _removedTE: false,
        _contentLength: 11,
        _hasBody: true,
        _trailer: '',
        finished: true,
        _headerSent: true,
        socket: [Object],
        connection: [Object],
        _header: 'POST /contract/delete HTTP/1.1\r\nHost: 39.96.22.77\r\nAccept-Encoding: gzip, deflate\r\nUser-Agent: node-superagent/1.8.5\r\nContent-Type: application/json\r\nAccept: application/json\r\nContent-Length: 11\r\nConnection: close\r\n\r\n',
        _onPendingData: [Function: noopPendingOutput],
        agent: [Object],
        socketPath: undefined,
        timeout: undefined,
        method: 'POST',
        path: '/contract/delete',
        _ended: true,
        res: [Object],
        aborted: undefined,
        timeoutCb: null,
        upgradeOrConnect: false,
        parser: null,
        maxHeadersCount: null,
        [Symbol(outHeadersKey)]: [Object] },
     links: {},
     text: '{"timestamp":"2018-12-17T08:45:10.157+0000","status":500,"error":"Internal Server Error","message":"No message available","path":"/contract/delete"}',
     body: 
      { timestamp: '2018-12-17T08:45:10.157+0000',
        status: 500,
        error: 'Internal Server Error',
        message: 'No message available',
        path: '/contract/delete' },
     files: {},
     buffered: true,
     headers: 
      { 'set-cookie': [Array],
        'content-type': 'application/json;charset=UTF-8',
        'transfer-encoding': 'chunked',
        date: 'Mon, 17 Dec 2018 08:45:10 GMT',
        connection: 'close' },
     header: 
      { 'set-cookie': [Array],
        'content-type': 'application/json;charset=UTF-8',
        'transfer-encoding': 'chunked',
        date: 'Mon, 17 Dec 2018 08:45:10 GMT',
        connection: 'close' },
     statusCode: 500,
     status: 500,
     statusType: 5,
     info: false,
     ok: false,
     redirect: false,
     clientError: false,
     serverError: true,
     error: 
      { Error: cannot POST /contract/delete (500)
    at Response.toError (G:\GitHub\Blockchain\node_modules\superagent\lib\node\response.js:106:13)
    at Response.setStatusProperties (G:\GitHub\Blockchain\node_modules\superagent\lib\node\response.js:183:12)
    at new Response (G:\GitHub\Blockchain\node_modules\superagent\lib\node\response.js:42:8)
    at IncomingMessage.<anonymous> (G:\GitHub\Blockchain\node_modules\superagent\lib\node\index.js:918:22)
    at emitNone (events.js:111:20)
    at IncomingMessage.emit (events.js:208:7)
    at endReadableNT (_stream_readable.js:1064:12)
    at _combinedTickCallback (internal/process/next_tick.js:138:11)
    at process._tickCallback (internal/process/next_tick.js:180:9)
        status: 500,
        text: '{"timestamp":"2018-12-17T08:45:10.157+0000","status":500,"error":"Internal Server Error","message":"No message available","path":"/contract/delete"}',
        method: 'POST',
        path: '/contract/delete' },
     accepted: false,
     noContent: false,
     badRequest: false,
     unauthorized: false,
     notAcceptable: false,
     forbidden: false,
     notFound: false,
     charset: 'UTF-8',
     type: 'application/json',
     setEncoding: [Function: bound ],
     redirects: [] },
  status: 500 }
