[2018-12-26 22:48:33.357] [ERROR] [default] - { Error: Internal Server Error
    at Request.callback (G:\GitHub\Blockchain\node_modules\superagent\lib\node\index.js:698:17)
    at IncomingMessage.<anonymous> (G:\GitHub\Blockchain\node_modules\superagent\lib\node\index.js:922:12)
    at emitNone (events.js:111:20)
    at IncomingMessage.emit (events.js:208:7)
    at endReadableNT (_stream_readable.js:1064:12)
    at _combinedTickCallback (internal/process/next_tick.js:138:11)
    at process._tickCallback (internal/process/next_tick.js:180:9)
  original: null,
  response: 
   Response {
     domain: null,
     _events: {},
     _eventsCount: 0,
     _maxListeners: undefined,
     res: 
      IncomingMessage {
        _readableState: [Object],
        readable: false,
        domain: null,
        _events: [Object],
        _eventsCount: 4,
        _maxListeners: undefined,
        socket: [Object],
        connection: [Object],
        httpVersionMajor: 1,
        httpVersionMinor: 1,
        httpVersion: '1.1',
        complete: true,
        headers: [Object],
        rawHeaders: [Array],
        trailers: {},
        rawTrailers: [],
        upgrade: false,
        url: '',
        method: null,
        statusCode: 500,
        statusMessage: '',
        client: [Object],
        _consuming: true,
        _dumped: false,
        req: [Object],
        text: '{"timestamp":"2018-12-26T14:48:31.050+0000","status":500,"error":"Internal Server Error","message":"Type definition error: [simple type, class java.util.Collections$3]; nested exception is com.fasterxml.jackson.databind.exc.InvalidDefinitionException: No serializer found for class java.util.Collections$3 and no properties discovered to create BeanSerializer (to avoid exception, disable SerializationFeature.FAIL_ON_EMPTY_BEANS) (through reference chain: com.seven.contract.manage.common.ApiResult[\\"data\\"]->org.apache.catalina.connector.RequestFacade[\\"parameterNames\\"])","path":"/contract/all"}',
        read: [Function],
        body: [Object] },
     request: 
      Request {
        domain: null,
        _events: [Object],
        _eventsCount: 1,
        _maxListeners: undefined,
        _agent: false,
        _formData: null,
        method: 'POST',
        url: 'http://39.96.22.77:80/contract/all',
        _header: [Object],
        header: [Object],
        writable: true,
        _redirects: 0,
        _maxRedirects: 5,
        cookies: '',
        qs: {},
        qsRaw: [],
        _redirectList: [],
        _streamRequest: false,
        _data: {},
        req: [Object],
        protocol: 'http:',
        host: '39.96.22.77:80',
        _callback: [Function],
        res: [Object],
        response: [Circular],
        _timeout: 0,
        called: true },
     req: 
      ClientRequest {
        domain: null,
        _events: [Object],
        _eventsCount: 4,
        _maxListeners: undefined,
        output: [],
        outputEncodings: [],
        outputCallbacks: [],
        outputSize: 0,
        writable: true,
        _last: true,
        upgrading: false,
        chunkedEncoding: false,
        shouldKeepAlive: false,
        useChunkedEncodingByDefault: true,
        sendDate: false,
        _removedConnection: false,
        _removedContLen: false,
        _removedTE: false,
        _contentLength: 2,
        _hasBody: true,
        _trailer: '',
        finished: true,
        _headerSent: true,
        socket: [Object],
        connection: [Object],
        _header: 'POST /contract/all HTTP/1.1\r\nHost: 39.96.22.77\r\nAccept-Encoding: gzip, deflate\r\nUser-Agent: node-superagent/1.8.5\r\nContent-Type: application/json\r\nCookie: JSESSIONID=8F12ED53A3FDB53E90CA6E78601AFCB9\r\nContent-Length: 2\r\nConnection: close\r\n\r\n',
        _onPendingData: [Function: noopPendingOutput],
        agent: [Object],
        socketPath: undefined,
        timeout: undefined,
        method: 'POST',
        path: '/contract/all',
        _ended: true,
        res: [Object],
        aborted: undefined,
        timeoutCb: null,
        upgradeOrConnect: false,
        parser: null,
        maxHeadersCount: null,
        [Symbol(outHeadersKey)]: [Object] },
     links: {},
     text: '{"timestamp":"2018-12-26T14:48:31.050+0000","status":500,"error":"Internal Server Error","message":"Type definition error: [simple type, class java.util.Collections$3]; nested exception is com.fasterxml.jackson.databind.exc.InvalidDefinitionException: No serializer found for class java.util.Collections$3 and no properties discovered to create BeanSerializer (to avoid exception, disable SerializationFeature.FAIL_ON_EMPTY_BEANS) (through reference chain: com.seven.contract.manage.common.ApiResult[\\"data\\"]->org.apache.catalina.connector.RequestFacade[\\"parameterNames\\"])","path":"/contract/all"}',
     body: 
      { timestamp: '2018-12-26T14:48:31.050+0000',
        status: 500,
        error: 'Internal Server Error',
        message: 'Type definition error: [simple type, class java.util.Collections$3]; nested exception is com.fasterxml.jackson.databind.exc.InvalidDefinitionException: No serializer found for class java.util.Collections$3 and no properties discovered to create BeanSerializer (to avoid exception, disable SerializationFeature.FAIL_ON_EMPTY_BEANS) (through reference chain: com.seven.contract.manage.common.ApiResult["data"]->org.apache.catalina.connector.RequestFacade["parameterNames"])',
        path: '/contract/all' },
     files: {},
     buffered: true,
     headers: 
      { 'content-type': 'application/json;charset=UTF-8',
        'transfer-encoding': 'chunked',
        date: 'Wed, 26 Dec 2018 14:48:30 GMT',
        connection: 'close' },
     header: 
      { 'content-type': 'application/json;charset=UTF-8',
        'transfer-encoding': 'chunked',
        date: 'Wed, 26 Dec 2018 14:48:30 GMT',
        connection: 'close' },
     statusCode: 500,
     status: 500,
     statusType: 5,
     info: false,
     ok: false,
     redirect: false,
     clientError: false,
     serverError: true,
     error: 
      { Error: cannot POST /contract/all (500)
    at Response.toError (G:\GitHub\Blockchain\node_modules\superagent\lib\node\response.js:106:13)
    at Response.setStatusProperties (G:\GitHub\Blockchain\node_modules\superagent\lib\node\response.js:183:12)
    at new Response (G:\GitHub\Blockchain\node_modules\superagent\lib\node\response.js:42:8)
    at IncomingMessage.<anonymous> (G:\GitHub\Blockchain\node_modules\superagent\lib\node\index.js:918:22)
    at emitNone (events.js:111:20)
    at IncomingMessage.emit (events.js:208:7)
    at endReadableNT (_stream_readable.js:1064:12)
    at _combinedTickCallback (internal/process/next_tick.js:138:11)
    at process._tickCallback (internal/process/next_tick.js:180:9)
        status: 500,
        text: '{"timestamp":"2018-12-26T14:48:31.050+0000","status":500,"error":"Internal Server Error","message":"Type definition error: [simple type, class java.util.Collections$3]; nested exception is com.fasterxml.jackson.databind.exc.InvalidDefinitionException: No serializer found for class java.util.Collections$3 and no properties discovered to create BeanSerializer (to avoid exception, disable SerializationFeature.FAIL_ON_EMPTY_BEANS) (through reference chain: com.seven.contract.manage.common.ApiResult[\\"data\\"]->org.apache.catalina.connector.RequestFacade[\\"parameterNames\\"])","path":"/contract/all"}',
        method: 'POST',
        path: '/contract/all' },
     accepted: false,
     noContent: false,
     badRequest: false,
     unauthorized: false,
     notAcceptable: false,
     forbidden: false,
     notFound: false,
     charset: 'UTF-8',
     type: 'application/json',
     setEncoding: [Function: bound ],
     redirects: [] },
  status: 500 }
[2018-12-26 22:48:40.084] [ERROR] [default] - { Error: Internal Server Error
    at Request.callback (G:\GitHub\Blockchain\node_modules\superagent\lib\node\index.js:698:17)
    at IncomingMessage.<anonymous> (G:\GitHub\Blockchain\node_modules\superagent\lib\node\index.js:922:12)
    at emitNone (events.js:111:20)
    at IncomingMessage.emit (events.js:208:7)
    at endReadableNT (_stream_readable.js:1064:12)
    at _combinedTickCallback (internal/process/next_tick.js:138:11)
    at process._tickCallback (internal/process/next_tick.js:180:9)
  original: null,
  response: 
   Response {
     domain: null,
     _events: {},
     _eventsCount: 0,
     _maxListeners: undefined,
     res: 
      IncomingMessage {
        _readableState: [Object],
        readable: false,
        domain: null,
        _events: [Object],
        _eventsCount: 4,
        _maxListeners: undefined,
        socket: [Object],
        connection: [Object],
        httpVersionMajor: 1,
        httpVersionMinor: 1,
        httpVersion: '1.1',
        complete: true,
        headers: [Object],
        rawHeaders: [Array],
        trailers: {},
        rawTrailers: [],
        upgrade: false,
        url: '',
        method: null,
        statusCode: 500,
        statusMessage: '',
        client: [Object],
        _consuming: true,
        _dumped: false,
        req: [Object],
        text: '{"timestamp":"2018-12-26T14:48:37.784+0000","status":500,"error":"Internal Server Error","message":"Type definition error: [simple type, class java.util.Collections$3]; nested exception is com.fasterxml.jackson.databind.exc.InvalidDefinitionException: No serializer found for class java.util.Collections$3 and no properties discovered to create BeanSerializer (to avoid exception, disable SerializationFeature.FAIL_ON_EMPTY_BEANS) (through reference chain: com.seven.contract.manage.common.ApiResult[\\"data\\"]->org.apache.catalina.connector.RequestFacade[\\"parameterNames\\"])","path":"/contract/all"}',
        read: [Function],
        body: [Object] },
     request: 
      Request {
        domain: null,
        _events: [Object],
        _eventsCount: 1,
        _maxListeners: undefined,
        _agent: false,
        _formData: null,
        method: 'POST',
        url: 'http://39.96.22.77:80/contract/all',
        _header: [Object],
        header: [Object],
        writable: true,
        _redirects: 0,
        _maxRedirects: 5,
        cookies: '',
        qs: {},
        qsRaw: [],
        _redirectList: [],
        _streamRequest: false,
        _data: {},
        req: [Object],
        protocol: 'http:',
        host: '39.96.22.77:80',
        _callback: [Function],
        res: [Object],
        response: [Circular],
        _timeout: 0,
        called: true },
     req: 
      ClientRequest {
        domain: null,
        _events: [Object],
        _eventsCount: 4,
        _maxListeners: undefined,
        output: [],
        outputEncodings: [],
        outputCallbacks: [],
        outputSize: 0,
        writable: true,
        _last: true,
        upgrading: false,
        chunkedEncoding: false,
        shouldKeepAlive: false,
        useChunkedEncodingByDefault: true,
        sendDate: false,
        _removedConnection: false,
        _removedContLen: false,
        _removedTE: false,
        _contentLength: 2,
        _hasBody: true,
        _trailer: '',
        finished: true,
        _headerSent: true,
        socket: [Object],
        connection: [Object],
        _header: 'POST /contract/all HTTP/1.1\r\nHost: 39.96.22.77\r\nAccept-Encoding: gzip, deflate\r\nUser-Agent: node-superagent/1.8.5\r\nContent-Type: application/json\r\nCookie: JSESSIONID=8F12ED53A3FDB53E90CA6E78601AFCB9\r\nContent-Length: 2\r\nConnection: close\r\n\r\n',
        _onPendingData: [Function: noopPendingOutput],
        agent: [Object],
        socketPath: undefined,
        timeout: undefined,
        method: 'POST',
        path: '/contract/all',
        _ended: true,
        res: [Object],
        aborted: undefined,
        timeoutCb: null,
        upgradeOrConnect: false,
        parser: null,
        maxHeadersCount: null,
        [Symbol(outHeadersKey)]: [Object] },
     links: {},
     text: '{"timestamp":"2018-12-26T14:48:37.784+0000","status":500,"error":"Internal Server Error","message":"Type definition error: [simple type, class java.util.Collections$3]; nested exception is com.fasterxml.jackson.databind.exc.InvalidDefinitionException: No serializer found for class java.util.Collections$3 and no properties discovered to create BeanSerializer (to avoid exception, disable SerializationFeature.FAIL_ON_EMPTY_BEANS) (through reference chain: com.seven.contract.manage.common.ApiResult[\\"data\\"]->org.apache.catalina.connector.RequestFacade[\\"parameterNames\\"])","path":"/contract/all"}',
     body: 
      { timestamp: '2018-12-26T14:48:37.784+0000',
        status: 500,
        error: 'Internal Server Error',
        message: 'Type definition error: [simple type, class java.util.Collections$3]; nested exception is com.fasterxml.jackson.databind.exc.InvalidDefinitionException: No serializer found for class java.util.Collections$3 and no properties discovered to create BeanSerializer (to avoid exception, disable SerializationFeature.FAIL_ON_EMPTY_BEANS) (through reference chain: com.seven.contract.manage.common.ApiResult["data"]->org.apache.catalina.connector.RequestFacade["parameterNames"])',
        path: '/contract/all' },
     files: {},
     buffered: true,
     headers: 
      { 'content-type': 'application/json;charset=UTF-8',
        'transfer-encoding': 'chunked',
        date: 'Wed, 26 Dec 2018 14:48:37 GMT',
        connection: 'close' },
     header: 
      { 'content-type': 'application/json;charset=UTF-8',
        'transfer-encoding': 'chunked',
        date: 'Wed, 26 Dec 2018 14:48:37 GMT',
        connection: 'close' },
     statusCode: 500,
     status: 500,
     statusType: 5,
     info: false,
     ok: false,
     redirect: false,
     clientError: false,
     serverError: true,
     error: 
      { Error: cannot POST /contract/all (500)
    at Response.toError (G:\GitHub\Blockchain\node_modules\superagent\lib\node\response.js:106:13)
    at Response.setStatusProperties (G:\GitHub\Blockchain\node_modules\superagent\lib\node\response.js:183:12)
    at new Response (G:\GitHub\Blockchain\node_modules\superagent\lib\node\response.js:42:8)
    at IncomingMessage.<anonymous> (G:\GitHub\Blockchain\node_modules\superagent\lib\node\index.js:918:22)
    at emitNone (events.js:111:20)
    at IncomingMessage.emit (events.js:208:7)
    at endReadableNT (_stream_readable.js:1064:12)
    at _combinedTickCallback (internal/process/next_tick.js:138:11)
    at process._tickCallback (internal/process/next_tick.js:180:9)
        status: 500,
        text: '{"timestamp":"2018-12-26T14:48:37.784+0000","status":500,"error":"Internal Server Error","message":"Type definition error: [simple type, class java.util.Collections$3]; nested exception is com.fasterxml.jackson.databind.exc.InvalidDefinitionException: No serializer found for class java.util.Collections$3 and no properties discovered to create BeanSerializer (to avoid exception, disable SerializationFeature.FAIL_ON_EMPTY_BEANS) (through reference chain: com.seven.contract.manage.common.ApiResult[\\"data\\"]->org.apache.catalina.connector.RequestFacade[\\"parameterNames\\"])","path":"/contract/all"}',
        method: 'POST',
        path: '/contract/all' },
     accepted: false,
     noContent: false,
     badRequest: false,
     unauthorized: false,
     notAcceptable: false,
     forbidden: false,
     notFound: false,
     charset: 'UTF-8',
     type: 'application/json',
     setEncoding: [Function: bound ],
     redirects: [] },
  status: 500 }
[2018-12-27 15:06:31.096] [ERROR] [default] - 请求没有响应
[2018-12-27 15:25:29.594] [ERROR] [default] - { Error: Not Found
    at Request.callback (G:\GitHub\Blockchain\node_modules\superagent\lib\node\index.js:698:17)
    at IncomingMessage.<anonymous> (G:\GitHub\Blockchain\node_modules\superagent\lib\node\index.js:922:12)
    at emitNone (events.js:111:20)
    at IncomingMessage.emit (events.js:208:7)
    at endReadableNT (_stream_readable.js:1064:12)
    at _combinedTickCallback (internal/process/next_tick.js:138:11)
    at process._tickCallback (internal/process/next_tick.js:180:9)
  original: null,
  response: 
   Response {
     domain: null,
     _events: {},
     _eventsCount: 0,
     _maxListeners: undefined,
     res: 
      IncomingMessage {
        _readableState: [Object],
        readable: false,
        domain: null,
        _events: [Object],
        _eventsCount: 4,
        _maxListeners: undefined,
        socket: [Object],
        connection: [Object],
        httpVersionMajor: 1,
        httpVersionMinor: 1,
        httpVersion: '1.1',
        complete: true,
        headers: [Object],
        rawHeaders: [Array],
        trailers: {},
        rawTrailers: [],
        upgrade: false,
        url: '',
        method: null,
        statusCode: 404,
        statusMessage: '',
        client: [Object],
        _consuming: true,
        _dumped: false,
        req: [Object],
        text: '{"timestamp":"2018-12-27T07:25:27.558+0000","status":404,"error":"Not Found","message":"No message available","path":"/contractSigningVerifyCode"}',
        read: [Function],
        body: [Object] },
     request: 
      Request {
        domain: null,
        _events: [Object],
        _eventsCount: 1,
        _maxListeners: undefined,
        _agent: false,
        _formData: null,
        method: 'POST',
        url: 'http://39.96.22.77:80/contractSigningVerifyCode?phone=18888888888',
        _header: [Object],
        header: [Object],
        writable: true,
        _redirects: 0,
        _maxRedirects: 5,
        cookies: '',
        qs: {},
        qsRaw: [Array],
        _redirectList: [],
        _streamRequest: false,
        _data: [Object],
        req: [Object],
        protocol: 'http:',
        host: '39.96.22.77:80',
        _callback: [Function],
        res: [Object],
        response: [Circular],
        _timeout: 0,
        called: true },
     req: 
      ClientRequest {
        domain: null,
        _events: [Object],
        _eventsCount: 4,
        _maxListeners: undefined,
        output: [],
        outputEncodings: [],
        outputCallbacks: [],
        outputSize: 0,
        writable: true,
        _last: true,
        upgrading: false,
        chunkedEncoding: false,
        shouldKeepAlive: false,
        useChunkedEncodingByDefault: true,
        sendDate: false,
        _removedConnection: false,
        _removedContLen: false,
        _removedTE: false,
        _contentLength: 23,
        _hasBody: true,
        _trailer: '',
        finished: true,
        _headerSent: true,
        socket: [Object],
        connection: [Object],
        _header: 'POST /contractSigningVerifyCode?phone=18888888888 HTTP/1.1\r\nHost: 39.96.22.77\r\nAccept-Encoding: gzip, deflate\r\nUser-Agent: node-superagent/1.8.5\r\nContent-Type: application/json\r\nCookie: JSESSIONID=F22045FC0F435C5F2B4A7649239CA747\r\nContent-Length: 23\r\nConnection: close\r\n\r\n',
        _onPendingData: [Function: noopPendingOutput],
        agent: [Object],
        socketPath: undefined,
        timeout: undefined,
        method: 'POST',
        path: '/contractSigningVerifyCode?phone=18888888888',
        _ended: true,
        res: [Object],
        aborted: undefined,
        timeoutCb: null,
        upgradeOrConnect: false,
        parser: null,
        maxHeadersCount: null,
        [Symbol(outHeadersKey)]: [Object] },
     links: {},
     text: '{"timestamp":"2018-12-27T07:25:27.558+0000","status":404,"error":"Not Found","message":"No message available","path":"/contractSigningVerifyCode"}',
     body: 
      { timestamp: '2018-12-27T07:25:27.558+0000',
        status: 404,
        error: 'Not Found',
        message: 'No message available',
        path: '/contractSigningVerifyCode' },
     files: {},
     buffered: true,
     headers: 
      { 'content-type': 'application/json;charset=UTF-8',
        'transfer-encoding': 'chunked',
        date: 'Thu, 27 Dec 2018 07:25:27 GMT',
        connection: 'close' },
     header: 
      { 'content-type': 'application/json;charset=UTF-8',
        'transfer-encoding': 'chunked',
        date: 'Thu, 27 Dec 2018 07:25:27 GMT',
        connection: 'close' },
     statusCode: 404,
     status: 404,
     statusType: 4,
     info: false,
     ok: false,
     redirect: false,
     clientError: true,
     serverError: false,
     error: 
      { Error: cannot POST /contractSigningVerifyCode?phone=18888888888 (404)
    at Response.toError (G:\GitHub\Blockchain\node_modules\superagent\lib\node\response.js:106:13)
    at Response.setStatusProperties (G:\GitHub\Blockchain\node_modules\superagent\lib\node\response.js:183:12)
    at new Response (G:\GitHub\Blockchain\node_modules\superagent\lib\node\response.js:42:8)
    at IncomingMessage.<anonymous> (G:\GitHub\Blockchain\node_modules\superagent\lib\node\index.js:918:22)
    at emitNone (events.js:111:20)
    at IncomingMessage.emit (events.js:208:7)
    at endReadableNT (_stream_readable.js:1064:12)
    at _combinedTickCallback (internal/process/next_tick.js:138:11)
    at process._tickCallback (internal/process/next_tick.js:180:9)
        status: 404,
        text: '{"timestamp":"2018-12-27T07:25:27.558+0000","status":404,"error":"Not Found","message":"No message available","path":"/contractSigningVerifyCode"}',
        method: 'POST',
        path: '/contractSigningVerifyCode?phone=18888888888' },
     accepted: false,
     noContent: false,
     badRequest: false,
     unauthorized: false,
     notAcceptable: false,
     forbidden: false,
     notFound: true,
     charset: 'UTF-8',
     type: 'application/json',
     setEncoding: [Function: bound ],
     redirects: [] },
  status: 404 }
[2018-12-27 15:28:11.777] [ERROR] [default] - 请求没有响应
[2018-12-27 19:45:02.687] [ERROR] [default] - { Error: Internal Server Error
    at Request.callback (G:\GitHub\Blockchain\node_modules\superagent\lib\node\index.js:698:17)
    at IncomingMessage.<anonymous> (G:\GitHub\Blockchain\node_modules\superagent\lib\node\index.js:922:12)
    at emitNone (events.js:111:20)
    at IncomingMessage.emit (events.js:208:7)
    at endReadableNT (_stream_readable.js:1064:12)
    at _combinedTickCallback (internal/process/next_tick.js:138:11)
    at process._tickCallback (internal/process/next_tick.js:180:9)
  original: null,
  response: 
   Response {
     domain: null,
     _events: {},
     _eventsCount: 0,
     _maxListeners: undefined,
     res: 
      IncomingMessage {
        _readableState: [Object],
        readable: false,
        domain: null,
        _events: [Object],
        _eventsCount: 4,
        _maxListeners: undefined,
        socket: [Object],
        connection: [Object],
        httpVersionMajor: 1,
        httpVersionMinor: 1,
        httpVersion: '1.1',
        complete: true,
        headers: [Object],
        rawHeaders: [Array],
        trailers: {},
        rawTrailers: [],
        upgrade: false,
        url: '',
        method: null,
        statusCode: 500,
        statusMessage: '',
        client: [Object],
        _consuming: true,
        _dumped: false,
        req: [Object],
        text: '{"timestamp":"2018-12-27T11:45:00.823+0000","status":500,"error":"Internal Server Error","message":"Type definition error: [simple type, class java.util.Collections$3]; nested exception is com.fasterxml.jackson.databind.exc.InvalidDefinitionException: No serializer found for class java.util.Collections$3 and no properties discovered to create BeanSerializer (to avoid exception, disable SerializationFeature.FAIL_ON_EMPTY_BEANS) (through reference chain: com.seven.contract.manage.common.ApiResult[\\"data\\"]->org.apache.catalina.connector.RequestFacade[\\"parameterNames\\"])","path":"/contract/all"}',
        read: [Function],
        body: [Object] },
     request: 
      Request {
        domain: null,
        _events: [Object],
        _eventsCount: 1,
        _maxListeners: undefined,
        _agent: false,
        _formData: null,
        method: 'POST',
        url: 'http://39.96.22.77:80/contract/all',
        _header: [Object],
        header: [Object],
        writable: true,
        _redirects: 0,
        _maxRedirects: 5,
        cookies: '',
        qs: {},
        qsRaw: [],
        _redirectList: [],
        _streamRequest: false,
        _data: {},
        req: [Object],
        protocol: 'http:',
        host: '39.96.22.77:80',
        _callback: [Function],
        res: [Object],
        response: [Circular],
        _timeout: 0,
        called: true },
     req: 
      ClientRequest {
        domain: null,
        _events: [Object],
        _eventsCount: 4,
        _maxListeners: undefined,
        output: [],
        outputEncodings: [],
        outputCallbacks: [],
        outputSize: 0,
        writable: true,
        _last: true,
        upgrading: false,
        chunkedEncoding: false,
        shouldKeepAlive: false,
        useChunkedEncodingByDefault: true,
        sendDate: false,
        _removedConnection: false,
        _removedContLen: false,
        _removedTE: false,
        _contentLength: 2,
        _hasBody: true,
        _trailer: '',
        finished: true,
        _headerSent: true,
        socket: [Object],
        connection: [Object],
        _header: 'POST /contract/all HTTP/1.1\r\nHost: 39.96.22.77\r\nAccept-Encoding: gzip, deflate\r\nUser-Agent: node-superagent/1.8.5\r\nContent-Type: application/json\r\nCookie: JSESSIONID=3C576FC503EF34F9781ED29A35CA470B\r\nContent-Length: 2\r\nConnection: close\r\n\r\n',
        _onPendingData: [Function: noopPendingOutput],
        agent: [Object],
        socketPath: undefined,
        timeout: undefined,
        method: 'POST',
        path: '/contract/all',
        _ended: true,
        res: [Object],
        aborted: undefined,
        timeoutCb: null,
        upgradeOrConnect: false,
        parser: null,
        maxHeadersCount: null,
        [Symbol(outHeadersKey)]: [Object] },
     links: {},
     text: '{"timestamp":"2018-12-27T11:45:00.823+0000","status":500,"error":"Internal Server Error","message":"Type definition error: [simple type, class java.util.Collections$3]; nested exception is com.fasterxml.jackson.databind.exc.InvalidDefinitionException: No serializer found for class java.util.Collections$3 and no properties discovered to create BeanSerializer (to avoid exception, disable SerializationFeature.FAIL_ON_EMPTY_BEANS) (through reference chain: com.seven.contract.manage.common.ApiResult[\\"data\\"]->org.apache.catalina.connector.RequestFacade[\\"parameterNames\\"])","path":"/contract/all"}',
     body: 
      { timestamp: '2018-12-27T11:45:00.823+0000',
        status: 500,
        error: 'Internal Server Error',
        message: 'Type definition error: [simple type, class java.util.Collections$3]; nested exception is com.fasterxml.jackson.databind.exc.InvalidDefinitionException: No serializer found for class java.util.Collections$3 and no properties discovered to create BeanSerializer (to avoid exception, disable SerializationFeature.FAIL_ON_EMPTY_BEANS) (through reference chain: com.seven.contract.manage.common.ApiResult["data"]->org.apache.catalina.connector.RequestFacade["parameterNames"])',
        path: '/contract/all' },
     files: {},
     buffered: true,
     headers: 
      { 'content-type': 'application/json;charset=UTF-8',
        'transfer-encoding': 'chunked',
        date: 'Thu, 27 Dec 2018 11:45:00 GMT',
        connection: 'close' },
     header: 
      { 'content-type': 'application/json;charset=UTF-8',
        'transfer-encoding': 'chunked',
        date: 'Thu, 27 Dec 2018 11:45:00 GMT',
        connection: 'close' },
     statusCode: 500,
     status: 500,
     statusType: 5,
     info: false,
     ok: false,
     redirect: false,
     clientError: false,
     serverError: true,
     error: 
      { Error: cannot POST /contract/all (500)
    at Response.toError (G:\GitHub\Blockchain\node_modules\superagent\lib\node\response.js:106:13)
    at Response.setStatusProperties (G:\GitHub\Blockchain\node_modules\superagent\lib\node\response.js:183:12)
    at new Response (G:\GitHub\Blockchain\node_modules\superagent\lib\node\response.js:42:8)
    at IncomingMessage.<anonymous> (G:\GitHub\Blockchain\node_modules\superagent\lib\node\index.js:918:22)
    at emitNone (events.js:111:20)
    at IncomingMessage.emit (events.js:208:7)
    at endReadableNT (_stream_readable.js:1064:12)
    at _combinedTickCallback (internal/process/next_tick.js:138:11)
    at process._tickCallback (internal/process/next_tick.js:180:9)
        status: 500,
        text: '{"timestamp":"2018-12-27T11:45:00.823+0000","status":500,"error":"Internal Server Error","message":"Type definition error: [simple type, class java.util.Collections$3]; nested exception is com.fasterxml.jackson.databind.exc.InvalidDefinitionException: No serializer found for class java.util.Collections$3 and no properties discovered to create BeanSerializer (to avoid exception, disable SerializationFeature.FAIL_ON_EMPTY_BEANS) (through reference chain: com.seven.contract.manage.common.ApiResult[\\"data\\"]->org.apache.catalina.connector.RequestFacade[\\"parameterNames\\"])","path":"/contract/all"}',
        method: 'POST',
        path: '/contract/all' },
     accepted: false,
     noContent: false,
     badRequest: false,
     unauthorized: false,
     notAcceptable: false,
     forbidden: false,
     notFound: false,
     charset: 'UTF-8',
     type: 'application/json',
     setEncoding: [Function: bound ],
     redirects: [] },
  status: 500 }
[2018-12-27 19:55:17.581] [ERROR] [default] - { Error: Internal Server Error
    at Request.callback (G:\GitHub\Blockchain\node_modules\superagent\lib\node\index.js:698:17)
    at IncomingMessage.<anonymous> (G:\GitHub\Blockchain\node_modules\superagent\lib\node\index.js:922:12)
    at emitNone (events.js:111:20)
    at IncomingMessage.emit (events.js:208:7)
    at endReadableNT (_stream_readable.js:1064:12)
    at _combinedTickCallback (internal/process/next_tick.js:138:11)
    at process._tickCallback (internal/process/next_tick.js:180:9)
  original: null,
  response: 
   Response {
     domain: null,
     _events: {},
     _eventsCount: 0,
     _maxListeners: undefined,
     res: 
      IncomingMessage {
        _readableState: [Object],
        readable: false,
        domain: null,
        _events: [Object],
        _eventsCount: 4,
        _maxListeners: undefined,
        socket: [Object],
        connection: [Object],
        httpVersionMajor: 1,
        httpVersionMinor: 1,
        httpVersion: '1.1',
        complete: true,
        headers: [Object],
        rawHeaders: [Array],
        trailers: {},
        rawTrailers: [],
        upgrade: false,
        url: '',
        method: null,
        statusCode: 500,
        statusMessage: '',
        client: [Object],
        _consuming: true,
        _dumped: false,
        req: [Object],
        text: '{"timestamp":"2018-12-27T11:55:15.766+0000","status":500,"error":"Internal Server Error","message":"Type definition error: [simple type, class java.util.Collections$3]; nested exception is com.fasterxml.jackson.databind.exc.InvalidDefinitionException: No serializer found for class java.util.Collections$3 and no properties discovered to create BeanSerializer (to avoid exception, disable SerializationFeature.FAIL_ON_EMPTY_BEANS) (through reference chain: com.seven.contract.manage.common.ApiResult[\\"data\\"]->org.apache.catalina.connector.RequestFacade[\\"parameterNames\\"])","path":"/contract/all"}',
        read: [Function],
        body: [Object] },
     request: 
      Request {
        domain: null,
        _events: [Object],
        _eventsCount: 1,
        _maxListeners: undefined,
        _agent: false,
        _formData: null,
        method: 'POST',
        url: 'http://39.96.22.77:80/contract/all',
        _header: [Object],
        header: [Object],
        writable: true,
        _redirects: 0,
        _maxRedirects: 5,
        cookies: '',
        qs: {},
        qsRaw: [],
        _redirectList: [],
        _streamRequest: false,
        _data: {},
        req: [Object],
        protocol: 'http:',
        host: '39.96.22.77:80',
        _callback: [Function],
        res: [Object],
        response: [Circular],
        _timeout: 0,
        called: true },
     req: 
      ClientRequest {
        domain: null,
        _events: [Object],
        _eventsCount: 4,
        _maxListeners: undefined,
        output: [],
        outputEncodings: [],
        outputCallbacks: [],
        outputSize: 0,
        writable: true,
        _last: true,
        upgrading: false,
        chunkedEncoding: false,
        shouldKeepAlive: false,
        useChunkedEncodingByDefault: true,
        sendDate: false,
        _removedConnection: false,
        _removedContLen: false,
        _removedTE: false,
        _contentLength: 2,
        _hasBody: true,
        _trailer: '',
        finished: true,
        _headerSent: true,
        socket: [Object],
        connection: [Object],
        _header: 'POST /contract/all HTTP/1.1\r\nHost: 39.96.22.77\r\nAccept-Encoding: gzip, deflate\r\nUser-Agent: node-superagent/1.8.5\r\nContent-Type: application/json\r\nCookie: JSESSIONID=3C576FC503EF34F9781ED29A35CA470B\r\nContent-Length: 2\r\nConnection: close\r\n\r\n',
        _onPendingData: [Function: noopPendingOutput],
        agent: [Object],
        socketPath: undefined,
        timeout: undefined,
        method: 'POST',
        path: '/contract/all',
        _ended: true,
        res: [Object],
        aborted: undefined,
        timeoutCb: null,
        upgradeOrConnect: false,
        parser: null,
        maxHeadersCount: null,
        [Symbol(outHeadersKey)]: [Object] },
     links: {},
     text: '{"timestamp":"2018-12-27T11:55:15.766+0000","status":500,"error":"Internal Server Error","message":"Type definition error: [simple type, class java.util.Collections$3]; nested exception is com.fasterxml.jackson.databind.exc.InvalidDefinitionException: No serializer found for class java.util.Collections$3 and no properties discovered to create BeanSerializer (to avoid exception, disable SerializationFeature.FAIL_ON_EMPTY_BEANS) (through reference chain: com.seven.contract.manage.common.ApiResult[\\"data\\"]->org.apache.catalina.connector.RequestFacade[\\"parameterNames\\"])","path":"/contract/all"}',
     body: 
      { timestamp: '2018-12-27T11:55:15.766+0000',
        status: 500,
        error: 'Internal Server Error',
        message: 'Type definition error: [simple type, class java.util.Collections$3]; nested exception is com.fasterxml.jackson.databind.exc.InvalidDefinitionException: No serializer found for class java.util.Collections$3 and no properties discovered to create BeanSerializer (to avoid exception, disable SerializationFeature.FAIL_ON_EMPTY_BEANS) (through reference chain: com.seven.contract.manage.common.ApiResult["data"]->org.apache.catalina.connector.RequestFacade["parameterNames"])',
        path: '/contract/all' },
     files: {},
     buffered: true,
     headers: 
      { 'content-type': 'application/json;charset=UTF-8',
        'transfer-encoding': 'chunked',
        date: 'Thu, 27 Dec 2018 11:55:15 GMT',
        connection: 'close' },
     header: 
      { 'content-type': 'application/json;charset=UTF-8',
        'transfer-encoding': 'chunked',
        date: 'Thu, 27 Dec 2018 11:55:15 GMT',
        connection: 'close' },
     statusCode: 500,
     status: 500,
     statusType: 5,
     info: false,
     ok: false,
     redirect: false,
     clientError: false,
     serverError: true,
     error: 
      { Error: cannot POST /contract/all (500)
    at Response.toError (G:\GitHub\Blockchain\node_modules\superagent\lib\node\response.js:106:13)
    at Response.setStatusProperties (G:\GitHub\Blockchain\node_modules\superagent\lib\node\response.js:183:12)
    at new Response (G:\GitHub\Blockchain\node_modules\superagent\lib\node\response.js:42:8)
    at IncomingMessage.<anonymous> (G:\GitHub\Blockchain\node_modules\superagent\lib\node\index.js:918:22)
    at emitNone (events.js:111:20)
    at IncomingMessage.emit (events.js:208:7)
    at endReadableNT (_stream_readable.js:1064:12)
    at _combinedTickCallback (internal/process/next_tick.js:138:11)
    at process._tickCallback (internal/process/next_tick.js:180:9)
        status: 500,
        text: '{"timestamp":"2018-12-27T11:55:15.766+0000","status":500,"error":"Internal Server Error","message":"Type definition error: [simple type, class java.util.Collections$3]; nested exception is com.fasterxml.jackson.databind.exc.InvalidDefinitionException: No serializer found for class java.util.Collections$3 and no properties discovered to create BeanSerializer (to avoid exception, disable SerializationFeature.FAIL_ON_EMPTY_BEANS) (through reference chain: com.seven.contract.manage.common.ApiResult[\\"data\\"]->org.apache.catalina.connector.RequestFacade[\\"parameterNames\\"])","path":"/contract/all"}',
        method: 'POST',
        path: '/contract/all' },
     accepted: false,
     noContent: false,
     badRequest: false,
     unauthorized: false,
     notAcceptable: false,
     forbidden: false,
     notFound: false,
     charset: 'UTF-8',
     type: 'application/json',
     setEncoding: [Function: bound ],
     redirects: [] },
  status: 500 }
